mode: atomic
github.com/AtoyanMikhail/PRAssignmentService/internal/db/db.go:20.28,22.2 1 0
github.com/AtoyanMikhail/PRAssignmentService/internal/db/db.go:28.46,32.2 1 0
github.com/AtoyanMikhail/PRAssignmentService/internal/db/pr_reviewers.sql.go:25.95,35.2 4 0
github.com/AtoyanMikhail/PRAssignmentService/internal/db/pr_reviewers.sql.go:42.98,47.2 4 0
github.com/AtoyanMikhail/PRAssignmentService/internal/db/pr_reviewers.sql.go:65.118,67.16 2 0
github.com/AtoyanMikhail/PRAssignmentService/internal/db/pr_reviewers.sql.go:67.16,69.3 1 0
github.com/AtoyanMikhail/PRAssignmentService/internal/db/pr_reviewers.sql.go:70.2,72.18 3 0
github.com/AtoyanMikhail/PRAssignmentService/internal/db/pr_reviewers.sql.go:72.18,79.17 2 0
github.com/AtoyanMikhail/PRAssignmentService/internal/db/pr_reviewers.sql.go:79.17,81.4 1 0
github.com/AtoyanMikhail/PRAssignmentService/internal/db/pr_reviewers.sql.go:82.3,82.27 1 0
github.com/AtoyanMikhail/PRAssignmentService/internal/db/pr_reviewers.sql.go:84.2,84.35 1 0
github.com/AtoyanMikhail/PRAssignmentService/internal/db/pr_reviewers.sql.go:84.35,86.3 1 0
github.com/AtoyanMikhail/PRAssignmentService/internal/db/pr_reviewers.sql.go:87.2,87.19 1 0
github.com/AtoyanMikhail/PRAssignmentService/internal/db/pr_reviewers.sql.go:110.133,112.16 2 0
github.com/AtoyanMikhail/PRAssignmentService/internal/db/pr_reviewers.sql.go:112.16,114.3 1 0
github.com/AtoyanMikhail/PRAssignmentService/internal/db/pr_reviewers.sql.go:115.2,117.18 3 0
github.com/AtoyanMikhail/PRAssignmentService/internal/db/pr_reviewers.sql.go:117.18,129.17 2 0
github.com/AtoyanMikhail/PRAssignmentService/internal/db/pr_reviewers.sql.go:129.17,131.4 1 0
github.com/AtoyanMikhail/PRAssignmentService/internal/db/pr_reviewers.sql.go:132.3,132.27 1 0
github.com/AtoyanMikhail/PRAssignmentService/internal/db/pr_reviewers.sql.go:134.2,134.35 1 0
github.com/AtoyanMikhail/PRAssignmentService/internal/db/pr_reviewers.sql.go:134.35,136.3 1 0
github.com/AtoyanMikhail/PRAssignmentService/internal/db/pr_reviewers.sql.go:137.2,137.19 1 0
github.com/AtoyanMikhail/PRAssignmentService/internal/db/pr_reviewers.sql.go:158.114,160.16 2 0
github.com/AtoyanMikhail/PRAssignmentService/internal/db/pr_reviewers.sql.go:160.16,162.3 1 0
github.com/AtoyanMikhail/PRAssignmentService/internal/db/pr_reviewers.sql.go:163.2,165.18 3 0
github.com/AtoyanMikhail/PRAssignmentService/internal/db/pr_reviewers.sql.go:165.18,175.17 2 0
github.com/AtoyanMikhail/PRAssignmentService/internal/db/pr_reviewers.sql.go:175.17,177.4 1 0
github.com/AtoyanMikhail/PRAssignmentService/internal/db/pr_reviewers.sql.go:178.3,178.27 1 0
github.com/AtoyanMikhail/PRAssignmentService/internal/db/pr_reviewers.sql.go:180.2,180.35 1 0
github.com/AtoyanMikhail/PRAssignmentService/internal/db/pr_reviewers.sql.go:180.35,182.3 1 0
github.com/AtoyanMikhail/PRAssignmentService/internal/db/pr_reviewers.sql.go:183.2,183.19 1 0
github.com/AtoyanMikhail/PRAssignmentService/internal/db/pr_reviewers.sql.go:198.103,203.2 4 0
github.com/AtoyanMikhail/PRAssignmentService/internal/db/pr_reviewers.sql.go:215.105,218.2 2 0
github.com/AtoyanMikhail/PRAssignmentService/internal/db/pr_reviewers.sql.go:230.87,233.2 2 0
github.com/AtoyanMikhail/PRAssignmentService/internal/db/pr_reviewers.sql.go:247.89,250.2 2 0
github.com/AtoyanMikhail/PRAssignmentService/internal/db/pull_requests.sql.go:25.108,43.2 4 0
github.com/AtoyanMikhail/PRAssignmentService/internal/db/pull_requests.sql.go:50.90,63.2 4 0
github.com/AtoyanMikhail/PRAssignmentService/internal/db/pull_requests.sql.go:70.104,83.2 4 0
github.com/AtoyanMikhail/PRAssignmentService/internal/db/pull_requests.sql.go:90.80,92.16 2 0
github.com/AtoyanMikhail/PRAssignmentService/internal/db/pull_requests.sql.go:92.16,94.3 1 0
github.com/AtoyanMikhail/PRAssignmentService/internal/db/pull_requests.sql.go:95.2,97.18 3 0
github.com/AtoyanMikhail/PRAssignmentService/internal/db/pull_requests.sql.go:97.18,107.17 2 0
github.com/AtoyanMikhail/PRAssignmentService/internal/db/pull_requests.sql.go:107.17,109.4 1 0
github.com/AtoyanMikhail/PRAssignmentService/internal/db/pull_requests.sql.go:110.3,110.27 1 0
github.com/AtoyanMikhail/PRAssignmentService/internal/db/pull_requests.sql.go:112.2,112.35 1 0
github.com/AtoyanMikhail/PRAssignmentService/internal/db/pull_requests.sql.go:112.35,114.3 1 0
github.com/AtoyanMikhail/PRAssignmentService/internal/db/pull_requests.sql.go:115.2,115.19 1 0
github.com/AtoyanMikhail/PRAssignmentService/internal/db/pull_requests.sql.go:124.103,126.16 2 0
github.com/AtoyanMikhail/PRAssignmentService/internal/db/pull_requests.sql.go:126.16,128.3 1 0
github.com/AtoyanMikhail/PRAssignmentService/internal/db/pull_requests.sql.go:129.2,131.18 3 0
github.com/AtoyanMikhail/PRAssignmentService/internal/db/pull_requests.sql.go:131.18,141.17 2 0
github.com/AtoyanMikhail/PRAssignmentService/internal/db/pull_requests.sql.go:141.17,143.4 1 0
github.com/AtoyanMikhail/PRAssignmentService/internal/db/pull_requests.sql.go:144.3,144.27 1 0
github.com/AtoyanMikhail/PRAssignmentService/internal/db/pull_requests.sql.go:146.2,146.35 1 0
github.com/AtoyanMikhail/PRAssignmentService/internal/db/pull_requests.sql.go:146.35,148.3 1 0
github.com/AtoyanMikhail/PRAssignmentService/internal/db/pull_requests.sql.go:149.2,149.19 1 0
github.com/AtoyanMikhail/PRAssignmentService/internal/db/pull_requests.sql.go:159.100,172.2 4 0
github.com/AtoyanMikhail/PRAssignmentService/internal/db/pull_requests.sql.go:178.94,183.2 4 0
github.com/AtoyanMikhail/PRAssignmentService/internal/db/pull_requests.sql.go:197.120,210.2 4 0
github.com/AtoyanMikhail/PRAssignmentService/internal/db/statistics.sql.go:40.92,42.16 2 0
github.com/AtoyanMikhail/PRAssignmentService/internal/db/statistics.sql.go:42.16,44.3 1 0
github.com/AtoyanMikhail/PRAssignmentService/internal/db/statistics.sql.go:45.2,47.18 3 0
github.com/AtoyanMikhail/PRAssignmentService/internal/db/statistics.sql.go:47.18,56.17 2 0
github.com/AtoyanMikhail/PRAssignmentService/internal/db/statistics.sql.go:56.17,58.4 1 0
github.com/AtoyanMikhail/PRAssignmentService/internal/db/statistics.sql.go:59.3,59.27 1 0
github.com/AtoyanMikhail/PRAssignmentService/internal/db/statistics.sql.go:61.2,61.35 1 0
github.com/AtoyanMikhail/PRAssignmentService/internal/db/statistics.sql.go:61.35,63.3 1 0
github.com/AtoyanMikhail/PRAssignmentService/internal/db/statistics.sql.go:64.2,64.19 1 0
github.com/AtoyanMikhail/PRAssignmentService/internal/db/statistics.sql.go:93.76,95.16 2 0
github.com/AtoyanMikhail/PRAssignmentService/internal/db/statistics.sql.go:95.16,97.3 1 0
github.com/AtoyanMikhail/PRAssignmentService/internal/db/statistics.sql.go:98.2,100.18 3 0
github.com/AtoyanMikhail/PRAssignmentService/internal/db/statistics.sql.go:100.18,110.17 2 0
github.com/AtoyanMikhail/PRAssignmentService/internal/db/statistics.sql.go:110.17,112.4 1 0
github.com/AtoyanMikhail/PRAssignmentService/internal/db/statistics.sql.go:113.3,113.27 1 0
github.com/AtoyanMikhail/PRAssignmentService/internal/db/statistics.sql.go:115.2,115.35 1 0
github.com/AtoyanMikhail/PRAssignmentService/internal/db/statistics.sql.go:115.35,117.3 1 0
github.com/AtoyanMikhail/PRAssignmentService/internal/db/statistics.sql.go:118.2,118.19 1 0
github.com/AtoyanMikhail/PRAssignmentService/internal/db/statistics.sql.go:145.80,147.16 2 0
github.com/AtoyanMikhail/PRAssignmentService/internal/db/statistics.sql.go:147.16,149.3 1 0
github.com/AtoyanMikhail/PRAssignmentService/internal/db/statistics.sql.go:150.2,152.18 3 0
github.com/AtoyanMikhail/PRAssignmentService/internal/db/statistics.sql.go:152.18,160.17 2 0
github.com/AtoyanMikhail/PRAssignmentService/internal/db/statistics.sql.go:160.17,162.4 1 0
github.com/AtoyanMikhail/PRAssignmentService/internal/db/statistics.sql.go:163.3,163.27 1 0
github.com/AtoyanMikhail/PRAssignmentService/internal/db/statistics.sql.go:165.2,165.35 1 0
github.com/AtoyanMikhail/PRAssignmentService/internal/db/statistics.sql.go:165.35,167.3 1 0
github.com/AtoyanMikhail/PRAssignmentService/internal/db/statistics.sql.go:168.2,168.19 1 0
github.com/AtoyanMikhail/PRAssignmentService/internal/db/statistics.sql.go:196.86,198.16 2 0
github.com/AtoyanMikhail/PRAssignmentService/internal/db/statistics.sql.go:198.16,200.3 1 0
github.com/AtoyanMikhail/PRAssignmentService/internal/db/statistics.sql.go:201.2,203.18 3 0
github.com/AtoyanMikhail/PRAssignmentService/internal/db/statistics.sql.go:203.18,211.17 2 0
github.com/AtoyanMikhail/PRAssignmentService/internal/db/statistics.sql.go:211.17,213.4 1 0
github.com/AtoyanMikhail/PRAssignmentService/internal/db/statistics.sql.go:214.3,214.27 1 0
github.com/AtoyanMikhail/PRAssignmentService/internal/db/statistics.sql.go:216.2,216.35 1 0
github.com/AtoyanMikhail/PRAssignmentService/internal/db/statistics.sql.go:216.35,218.3 1 0
github.com/AtoyanMikhail/PRAssignmentService/internal/db/statistics.sql.go:219.2,219.19 1 0
github.com/AtoyanMikhail/PRAssignmentService/internal/db/teams.sql.go:18.82,23.2 4 0
github.com/AtoyanMikhail/PRAssignmentService/internal/db/teams.sql.go:30.76,35.2 4 0
github.com/AtoyanMikhail/PRAssignmentService/internal/db/teams.sql.go:42.85,47.2 4 0
github.com/AtoyanMikhail/PRAssignmentService/internal/db/teams.sql.go:54.66,56.16 2 0
github.com/AtoyanMikhail/PRAssignmentService/internal/db/teams.sql.go:56.16,58.3 1 0
github.com/AtoyanMikhail/PRAssignmentService/internal/db/teams.sql.go:59.2,61.18 3 0
github.com/AtoyanMikhail/PRAssignmentService/internal/db/teams.sql.go:61.18,63.69 2 0
github.com/AtoyanMikhail/PRAssignmentService/internal/db/teams.sql.go:63.69,65.4 1 0
github.com/AtoyanMikhail/PRAssignmentService/internal/db/teams.sql.go:66.3,66.27 1 0
github.com/AtoyanMikhail/PRAssignmentService/internal/db/teams.sql.go:68.2,68.35 1 0
github.com/AtoyanMikhail/PRAssignmentService/internal/db/teams.sql.go:68.35,70.3 1 0
github.com/AtoyanMikhail/PRAssignmentService/internal/db/teams.sql.go:71.2,71.19 1 0
github.com/AtoyanMikhail/PRAssignmentService/internal/db/teams.sql.go:78.82,83.2 4 0
github.com/AtoyanMikhail/PRAssignmentService/internal/db/users.sql.go:27.87,45.2 4 0
github.com/AtoyanMikhail/PRAssignmentService/internal/db/users.sql.go:54.90,56.16 2 0
github.com/AtoyanMikhail/PRAssignmentService/internal/db/users.sql.go:56.16,58.3 1 0
github.com/AtoyanMikhail/PRAssignmentService/internal/db/users.sql.go:59.2,61.18 3 0
github.com/AtoyanMikhail/PRAssignmentService/internal/db/users.sql.go:61.18,71.17 2 0
github.com/AtoyanMikhail/PRAssignmentService/internal/db/users.sql.go:71.17,73.4 1 0
github.com/AtoyanMikhail/PRAssignmentService/internal/db/users.sql.go:74.3,74.27 1 0
github.com/AtoyanMikhail/PRAssignmentService/internal/db/users.sql.go:76.2,76.35 1 0
github.com/AtoyanMikhail/PRAssignmentService/internal/db/users.sql.go:76.35,78.3 1 0
github.com/AtoyanMikhail/PRAssignmentService/internal/db/users.sql.go:79.2,79.19 1 0
github.com/AtoyanMikhail/PRAssignmentService/internal/db/users.sql.go:87.76,100.2 4 0
github.com/AtoyanMikhail/PRAssignmentService/internal/db/users.sql.go:107.85,120.2 4 0
github.com/AtoyanMikhail/PRAssignmentService/internal/db/users.sql.go:140.99,154.2 4 0
github.com/AtoyanMikhail/PRAssignmentService/internal/db/users.sql.go:162.94,164.16 2 0
github.com/AtoyanMikhail/PRAssignmentService/internal/db/users.sql.go:164.16,166.3 1 0
github.com/AtoyanMikhail/PRAssignmentService/internal/db/users.sql.go:167.2,169.18 3 0
github.com/AtoyanMikhail/PRAssignmentService/internal/db/users.sql.go:169.18,179.17 2 0
github.com/AtoyanMikhail/PRAssignmentService/internal/db/users.sql.go:179.17,181.4 1 0
github.com/AtoyanMikhail/PRAssignmentService/internal/db/users.sql.go:182.3,182.27 1 0
github.com/AtoyanMikhail/PRAssignmentService/internal/db/users.sql.go:184.2,184.35 1 0
github.com/AtoyanMikhail/PRAssignmentService/internal/db/users.sql.go:184.35,186.3 1 0
github.com/AtoyanMikhail/PRAssignmentService/internal/db/users.sql.go:187.2,187.19 1 0
github.com/AtoyanMikhail/PRAssignmentService/internal/db/users.sql.go:201.141,203.16 2 0
github.com/AtoyanMikhail/PRAssignmentService/internal/db/users.sql.go:203.16,205.3 1 0
github.com/AtoyanMikhail/PRAssignmentService/internal/db/users.sql.go:206.2,208.18 3 0
github.com/AtoyanMikhail/PRAssignmentService/internal/db/users.sql.go:208.18,218.17 2 0
github.com/AtoyanMikhail/PRAssignmentService/internal/db/users.sql.go:218.17,220.4 1 0
github.com/AtoyanMikhail/PRAssignmentService/internal/db/users.sql.go:221.3,221.27 1 0
github.com/AtoyanMikhail/PRAssignmentService/internal/db/users.sql.go:223.2,223.35 1 0
github.com/AtoyanMikhail/PRAssignmentService/internal/db/users.sql.go:223.35,225.3 1 0
github.com/AtoyanMikhail/PRAssignmentService/internal/db/users.sql.go:226.2,226.19 1 0
github.com/AtoyanMikhail/PRAssignmentService/internal/db/users.sql.go:235.88,237.16 2 0
github.com/AtoyanMikhail/PRAssignmentService/internal/db/users.sql.go:237.16,239.3 1 0
github.com/AtoyanMikhail/PRAssignmentService/internal/db/users.sql.go:240.2,242.18 3 0
github.com/AtoyanMikhail/PRAssignmentService/internal/db/users.sql.go:242.18,252.17 2 0
github.com/AtoyanMikhail/PRAssignmentService/internal/db/users.sql.go:252.17,254.4 1 0
github.com/AtoyanMikhail/PRAssignmentService/internal/db/users.sql.go:255.3,255.27 1 0
github.com/AtoyanMikhail/PRAssignmentService/internal/db/users.sql.go:257.2,257.35 1 0
github.com/AtoyanMikhail/PRAssignmentService/internal/db/users.sql.go:257.35,259.3 1 0
github.com/AtoyanMikhail/PRAssignmentService/internal/db/users.sql.go:260.2,260.19 1 0
github.com/AtoyanMikhail/PRAssignmentService/internal/db/users.sql.go:277.87,295.2 4 0
github.com/AtoyanMikhail/PRAssignmentService/internal/db/users.sql.go:309.103,322.2 4 0
github.com/AtoyanMikhail/PRAssignmentService/internal/db/users.sql.go:328.80,333.2 4 0
github.com/AtoyanMikhail/PRAssignmentService/internal/repository/postgres.go:19.68,24.2 1 0
github.com/AtoyanMikhail/PRAssignmentService/internal/repository/postgres.go:27.55,29.2 1 0
github.com/AtoyanMikhail/PRAssignmentService/internal/repository/postgres.go:32.68,37.2 1 0
github.com/AtoyanMikhail/PRAssignmentService/internal/repository/postgres.go:49.100,51.16 2 0
github.com/AtoyanMikhail/PRAssignmentService/internal/repository/postgres.go:51.16,53.3 1 0
github.com/AtoyanMikhail/PRAssignmentService/internal/repository/postgres.go:55.2,55.15 1 0
github.com/AtoyanMikhail/PRAssignmentService/internal/repository/postgres.go:55.15,56.31 1 0
github.com/AtoyanMikhail/PRAssignmentService/internal/repository/postgres.go:56.31,58.12 2 0
github.com/AtoyanMikhail/PRAssignmentService/internal/repository/postgres.go:62.2,64.16 3 0
github.com/AtoyanMikhail/PRAssignmentService/internal/repository/postgres.go:64.16,65.46 1 0
github.com/AtoyanMikhail/PRAssignmentService/internal/repository/postgres.go:65.46,67.4 1 0
github.com/AtoyanMikhail/PRAssignmentService/internal/repository/postgres.go:68.3,68.13 1 0
github.com/AtoyanMikhail/PRAssignmentService/internal/repository/postgres.go:71.2,71.23 1 0
github.com/AtoyanMikhail/PRAssignmentService/internal/repository/prs_reviewers.go:12.170,19.16 2 0
github.com/AtoyanMikhail/PRAssignmentService/internal/repository/prs_reviewers.go:19.16,21.3 1 0
github.com/AtoyanMikhail/PRAssignmentService/internal/repository/prs_reviewers.go:22.2,22.44 1 0
github.com/AtoyanMikhail/PRAssignmentService/internal/repository/prs_reviewers.go:25.122,27.16 2 0
github.com/AtoyanMikhail/PRAssignmentService/internal/repository/prs_reviewers.go:27.16,29.3 1 0
github.com/AtoyanMikhail/PRAssignmentService/internal/repository/prs_reviewers.go:30.2,30.44 1 0
github.com/AtoyanMikhail/PRAssignmentService/internal/repository/prs_reviewers.go:33.108,35.16 2 0
github.com/AtoyanMikhail/PRAssignmentService/internal/repository/prs_reviewers.go:35.16,37.3 1 0
github.com/AtoyanMikhail/PRAssignmentService/internal/repository/prs_reviewers.go:38.2,38.44 1 0
github.com/AtoyanMikhail/PRAssignmentService/internal/repository/prs_reviewers.go:41.147,46.16 2 0
github.com/AtoyanMikhail/PRAssignmentService/internal/repository/prs_reviewers.go:46.16,48.3 1 0
github.com/AtoyanMikhail/PRAssignmentService/internal/repository/prs_reviewers.go:49.2,49.44 1 0
github.com/AtoyanMikhail/PRAssignmentService/internal/repository/prs_reviewers.go:52.107,54.16 2 0
github.com/AtoyanMikhail/PRAssignmentService/internal/repository/prs_reviewers.go:54.16,56.3 1 0
github.com/AtoyanMikhail/PRAssignmentService/internal/repository/prs_reviewers.go:57.2,57.44 1 0
github.com/AtoyanMikhail/PRAssignmentService/internal/repository/prs_reviewers.go:60.127,62.16 2 0
github.com/AtoyanMikhail/PRAssignmentService/internal/repository/prs_reviewers.go:62.16,64.3 1 0
github.com/AtoyanMikhail/PRAssignmentService/internal/repository/prs_reviewers.go:65.2,65.46 1 0
github.com/AtoyanMikhail/PRAssignmentService/internal/repository/prs_reviewers.go:68.96,70.2 1 0
github.com/AtoyanMikhail/PRAssignmentService/internal/repository/prs_reviewers.go:74.112,79.16 2 0
github.com/AtoyanMikhail/PRAssignmentService/internal/repository/prs_reviewers.go:79.16,81.3 1 0
github.com/AtoyanMikhail/PRAssignmentService/internal/repository/prs_reviewers.go:82.2,82.49 1 0
github.com/AtoyanMikhail/PRAssignmentService/internal/repository/prs_reviewers.go:85.94,90.2 1 0
github.com/AtoyanMikhail/PRAssignmentService/internal/repository/prs_reviewers.go:92.123,94.16 2 0
github.com/AtoyanMikhail/PRAssignmentService/internal/repository/prs_reviewers.go:94.16,96.3 1 0
github.com/AtoyanMikhail/PRAssignmentService/internal/repository/prs_reviewers.go:97.2,97.52 1 0
github.com/AtoyanMikhail/PRAssignmentService/internal/repository/prs_reviewers.go:100.124,102.16 2 0
github.com/AtoyanMikhail/PRAssignmentService/internal/repository/prs_reviewers.go:102.16,104.3 1 0
github.com/AtoyanMikhail/PRAssignmentService/internal/repository/prs_reviewers.go:105.2,105.56 1 0
github.com/AtoyanMikhail/PRAssignmentService/internal/repository/prs_reviewers.go:108.110,113.2 1 0
github.com/AtoyanMikhail/PRAssignmentService/internal/repository/prs_reviewers.go:115.94,117.2 1 0
github.com/AtoyanMikhail/PRAssignmentService/internal/repository/prs_reviewers.go:119.109,125.2 1 0
github.com/AtoyanMikhail/PRAssignmentService/internal/repository/prs_reviewers.go:127.122,129.16 2 0
github.com/AtoyanMikhail/PRAssignmentService/internal/repository/prs_reviewers.go:129.16,131.3 1 0
github.com/AtoyanMikhail/PRAssignmentService/internal/repository/prs_reviewers.go:132.2,132.60 1 0
github.com/AtoyanMikhail/PRAssignmentService/internal/repository/prs_reviewers.go:135.121,140.2 1 0
github.com/AtoyanMikhail/PRAssignmentService/internal/repository/prs_reviewers.go:144.104,146.16 2 0
github.com/AtoyanMikhail/PRAssignmentService/internal/repository/prs_reviewers.go:146.16,148.3 1 0
github.com/AtoyanMikhail/PRAssignmentService/internal/repository/prs_reviewers.go:149.2,149.58 1 0
github.com/AtoyanMikhail/PRAssignmentService/internal/repository/prs_reviewers.go:152.88,154.16 2 0
github.com/AtoyanMikhail/PRAssignmentService/internal/repository/prs_reviewers.go:154.16,156.3 1 0
github.com/AtoyanMikhail/PRAssignmentService/internal/repository/prs_reviewers.go:157.2,157.50 1 0
github.com/AtoyanMikhail/PRAssignmentService/internal/repository/prs_reviewers.go:160.92,162.16 2 0
github.com/AtoyanMikhail/PRAssignmentService/internal/repository/prs_reviewers.go:162.16,164.3 1 0
github.com/AtoyanMikhail/PRAssignmentService/internal/repository/prs_reviewers.go:165.2,165.52 1 0
github.com/AtoyanMikhail/PRAssignmentService/internal/repository/prs_reviewers.go:168.98,170.16 2 0
github.com/AtoyanMikhail/PRAssignmentService/internal/repository/prs_reviewers.go:170.16,172.3 1 0
github.com/AtoyanMikhail/PRAssignmentService/internal/repository/prs_reviewers.go:173.2,173.55 1 0
github.com/AtoyanMikhail/PRAssignmentService/internal/repository/store.go:17.42,22.2 1 0
github.com/AtoyanMikhail/PRAssignmentService/internal/repository/store.go:25.87,27.16 2 0
github.com/AtoyanMikhail/PRAssignmentService/internal/repository/store.go:27.16,29.3 1 0
github.com/AtoyanMikhail/PRAssignmentService/internal/repository/store.go:31.2,33.16 3 0
github.com/AtoyanMikhail/PRAssignmentService/internal/repository/store.go:33.16,34.46 1 0
github.com/AtoyanMikhail/PRAssignmentService/internal/repository/store.go:34.46,36.4 1 0
github.com/AtoyanMikhail/PRAssignmentService/internal/repository/store.go:37.3,37.13 1 0
github.com/AtoyanMikhail/PRAssignmentService/internal/repository/store.go:40.2,40.23 1 0
github.com/AtoyanMikhail/PRAssignmentService/internal/repository/store.go:44.126,48.16 2 0
github.com/AtoyanMikhail/PRAssignmentService/internal/repository/store.go:48.16,50.3 1 0
github.com/AtoyanMikhail/PRAssignmentService/internal/repository/store.go:52.2,54.16 3 0
github.com/AtoyanMikhail/PRAssignmentService/internal/repository/store.go:54.16,55.46 1 0
github.com/AtoyanMikhail/PRAssignmentService/internal/repository/store.go:55.46,57.4 1 0
github.com/AtoyanMikhail/PRAssignmentService/internal/repository/store.go:58.3,58.13 1 0
github.com/AtoyanMikhail/PRAssignmentService/internal/repository/store.go:61.2,61.23 1 0
github.com/AtoyanMikhail/PRAssignmentService/internal/repository/teams_users.go:12.96,14.16 2 0
github.com/AtoyanMikhail/PRAssignmentService/internal/repository/teams_users.go:14.16,16.3 1 0
github.com/AtoyanMikhail/PRAssignmentService/internal/repository/teams_users.go:17.2,17.39 1 0
github.com/AtoyanMikhail/PRAssignmentService/internal/repository/teams_users.go:20.99,22.16 2 0
github.com/AtoyanMikhail/PRAssignmentService/internal/repository/teams_users.go:22.16,24.3 1 0
github.com/AtoyanMikhail/PRAssignmentService/internal/repository/teams_users.go:25.2,25.39 1 0
github.com/AtoyanMikhail/PRAssignmentService/internal/repository/teams_users.go:28.94,30.16 2 0
github.com/AtoyanMikhail/PRAssignmentService/internal/repository/teams_users.go:30.16,32.3 1 0
github.com/AtoyanMikhail/PRAssignmentService/internal/repository/teams_users.go:33.2,33.39 1 0
github.com/AtoyanMikhail/PRAssignmentService/internal/repository/teams_users.go:36.79,38.16 2 0
github.com/AtoyanMikhail/PRAssignmentService/internal/repository/teams_users.go:38.16,40.3 1 0
github.com/AtoyanMikhail/PRAssignmentService/internal/repository/teams_users.go:41.2,41.41 1 0
github.com/AtoyanMikhail/PRAssignmentService/internal/repository/teams_users.go:44.89,46.2 1 0
github.com/AtoyanMikhail/PRAssignmentService/internal/repository/teams_users.go:50.137,57.16 2 0
github.com/AtoyanMikhail/PRAssignmentService/internal/repository/teams_users.go:57.16,59.3 1 0
github.com/AtoyanMikhail/PRAssignmentService/internal/repository/teams_users.go:60.2,60.39 1 0
github.com/AtoyanMikhail/PRAssignmentService/internal/repository/teams_users.go:63.99,65.16 2 0
github.com/AtoyanMikhail/PRAssignmentService/internal/repository/teams_users.go:65.16,67.3 1 0
github.com/AtoyanMikhail/PRAssignmentService/internal/repository/teams_users.go:68.2,68.39 1 0
github.com/AtoyanMikhail/PRAssignmentService/internal/repository/teams_users.go:71.94,73.16 2 0
github.com/AtoyanMikhail/PRAssignmentService/internal/repository/teams_users.go:73.16,75.3 1 0
github.com/AtoyanMikhail/PRAssignmentService/internal/repository/teams_users.go:76.2,76.39 1 0
github.com/AtoyanMikhail/PRAssignmentService/internal/repository/teams_users.go:79.133,86.16 2 0
github.com/AtoyanMikhail/PRAssignmentService/internal/repository/teams_users.go:86.16,88.3 1 0
github.com/AtoyanMikhail/PRAssignmentService/internal/repository/teams_users.go:89.2,89.39 1 0
github.com/AtoyanMikhail/PRAssignmentService/internal/repository/teams_users.go:92.117,97.16 2 0
github.com/AtoyanMikhail/PRAssignmentService/internal/repository/teams_users.go:97.16,99.3 1 0
github.com/AtoyanMikhail/PRAssignmentService/internal/repository/teams_users.go:100.2,100.39 1 0
github.com/AtoyanMikhail/PRAssignmentService/internal/repository/teams_users.go:103.101,105.16 2 0
github.com/AtoyanMikhail/PRAssignmentService/internal/repository/teams_users.go:105.16,107.3 1 0
github.com/AtoyanMikhail/PRAssignmentService/internal/repository/teams_users.go:108.2,108.41 1 0
github.com/AtoyanMikhail/PRAssignmentService/internal/repository/teams_users.go:111.107,113.16 2 0
github.com/AtoyanMikhail/PRAssignmentService/internal/repository/teams_users.go:113.16,115.3 1 0
github.com/AtoyanMikhail/PRAssignmentService/internal/repository/teams_users.go:116.2,116.41 1 0
github.com/AtoyanMikhail/PRAssignmentService/internal/repository/teams_users.go:119.142,124.16 2 0
github.com/AtoyanMikhail/PRAssignmentService/internal/repository/teams_users.go:124.16,126.3 1 0
github.com/AtoyanMikhail/PRAssignmentService/internal/repository/teams_users.go:127.2,127.41 1 0
github.com/AtoyanMikhail/PRAssignmentService/internal/repository/teams_users.go:130.107,132.16 2 0
github.com/AtoyanMikhail/PRAssignmentService/internal/repository/teams_users.go:132.16,134.3 1 0
github.com/AtoyanMikhail/PRAssignmentService/internal/repository/teams_users.go:135.2,135.46 1 0
github.com/AtoyanMikhail/PRAssignmentService/internal/repository/teams_users.go:138.91,140.2 1 0
github.com/AtoyanMikhail/PRAssignmentService/internal/repository/teams_users.go:142.108,144.16 2 0
github.com/AtoyanMikhail/PRAssignmentService/internal/repository/teams_users.go:144.16,146.3 1 0
github.com/AtoyanMikhail/PRAssignmentService/internal/repository/teams_users.go:147.2,147.41 1 0
github.com/AtoyanMikhail/PRAssignmentService/internal/logger/logger.go:22.29,23.17 1 0
github.com/AtoyanMikhail/PRAssignmentService/internal/logger/logger.go:23.17,47.3 3 0
github.com/AtoyanMikhail/PRAssignmentService/internal/logger/logger.go:51.20,52.21 1 0
github.com/AtoyanMikhail/PRAssignmentService/internal/logger/logger.go:52.21,53.53 1 0
github.com/AtoyanMikhail/PRAssignmentService/internal/logger/logger.go:55.2,55.17 1 0
github.com/AtoyanMikhail/PRAssignmentService/internal/logger/logger.go:59.56,61.2 1 0
github.com/AtoyanMikhail/PRAssignmentService/internal/logger/logger.go:64.60,66.2 1 0
github.com/AtoyanMikhail/PRAssignmentService/internal/logger/logger.go:69.56,71.2 1 0
github.com/AtoyanMikhail/PRAssignmentService/internal/logger/logger.go:74.60,76.2 1 0
github.com/AtoyanMikhail/PRAssignmentService/internal/logger/logger.go:79.57,81.2 1 0
github.com/AtoyanMikhail/PRAssignmentService/internal/logger/logger.go:84.61,86.2 1 0
github.com/AtoyanMikhail/PRAssignmentService/internal/logger/logger.go:89.57,91.2 1 0
github.com/AtoyanMikhail/PRAssignmentService/internal/logger/logger.go:94.61,96.2 1 0
github.com/AtoyanMikhail/PRAssignmentService/internal/logger/logger.go:99.31,101.2 1 0
github.com/AtoyanMikhail/PRAssignmentService/internal/logger/logger.go:106.44,108.2 1 0
github.com/AtoyanMikhail/PRAssignmentService/internal/logger/logger.go:111.48,113.2 1 0
github.com/AtoyanMikhail/PRAssignmentService/internal/logger/logger.go:116.44,118.2 1 0
github.com/AtoyanMikhail/PRAssignmentService/internal/logger/logger.go:121.48,123.2 1 0
github.com/AtoyanMikhail/PRAssignmentService/internal/logger/logger.go:126.45,128.2 1 0
github.com/AtoyanMikhail/PRAssignmentService/internal/logger/logger.go:131.49,133.2 1 0
github.com/AtoyanMikhail/PRAssignmentService/internal/logger/logger.go:136.45,138.2 1 0
github.com/AtoyanMikhail/PRAssignmentService/internal/logger/logger.go:141.49,143.2 1 0
github.com/AtoyanMikhail/PRAssignmentService/internal/logger/logger.go:146.19,148.2 1 0
github.com/AtoyanMikhail/PRAssignmentService/internal/models/pr_reviewer.go:19.53,29.2 1 0
github.com/AtoyanMikhail/PRAssignmentService/internal/models/pr_reviewer.go:32.60,39.2 1 0
github.com/AtoyanMikhail/PRAssignmentService/internal/models/pr_reviewer.go:42.66,44.41 2 0
github.com/AtoyanMikhail/PRAssignmentService/internal/models/pr_reviewer.go:44.41,46.3 1 0
github.com/AtoyanMikhail/PRAssignmentService/internal/models/pr_reviewer.go:47.2,47.18 1 0
github.com/AtoyanMikhail/PRAssignmentService/internal/models/pr_reviewer.go:62.73,72.2 1 0
github.com/AtoyanMikhail/PRAssignmentService/internal/models/pr_reviewer.go:75.80,77.31 2 0
github.com/AtoyanMikhail/PRAssignmentService/internal/models/pr_reviewer.go:77.31,79.3 1 0
github.com/AtoyanMikhail/PRAssignmentService/internal/models/pr_reviewer.go:80.2,80.18 1 0
github.com/AtoyanMikhail/PRAssignmentService/internal/models/pr_reviewer.go:92.102,99.2 1 0
github.com/AtoyanMikhail/PRAssignmentService/internal/models/pr_reviewer.go:102.109,104.31 2 0
github.com/AtoyanMikhail/PRAssignmentService/internal/models/pr_reviewer.go:104.31,106.3 1 0
github.com/AtoyanMikhail/PRAssignmentService/internal/models/pr_reviewer.go:107.2,107.14 1 0
github.com/AtoyanMikhail/PRAssignmentService/internal/models/pull_request.go:19.43,21.2 1 0
github.com/AtoyanMikhail/PRAssignmentService/internal/models/pull_request.go:35.57,48.24 2 0
github.com/AtoyanMikhail/PRAssignmentService/internal/models/pull_request.go:48.24,53.3 1 0
github.com/AtoyanMikhail/PRAssignmentService/internal/models/pull_request.go:55.2,55.13 1 0
github.com/AtoyanMikhail/PRAssignmentService/internal/models/pull_request.go:59.57,69.25 2 0
github.com/AtoyanMikhail/PRAssignmentService/internal/models/pull_request.go:69.25,71.3 1 0
github.com/AtoyanMikhail/PRAssignmentService/internal/models/pull_request.go:73.2,73.11 1 0
github.com/AtoyanMikhail/PRAssignmentService/internal/models/pull_request.go:77.63,79.29 2 0
github.com/AtoyanMikhail/PRAssignmentService/internal/models/pull_request.go:79.29,81.3 1 0
github.com/AtoyanMikhail/PRAssignmentService/internal/models/pull_request.go:82.2,82.12 1 0
github.com/AtoyanMikhail/PRAssignmentService/internal/models/pull_request.go:94.94,101.2 1 0
github.com/AtoyanMikhail/PRAssignmentService/internal/models/pull_request.go:104.101,106.31 2 0
github.com/AtoyanMikhail/PRAssignmentService/internal/models/pull_request.go:106.31,108.3 1 0
github.com/AtoyanMikhail/PRAssignmentService/internal/models/pull_request.go:109.2,109.12 1 0
github.com/AtoyanMikhail/PRAssignmentService/internal/models/statistics.go:18.79,27.2 1 0
github.com/AtoyanMikhail/PRAssignmentService/internal/models/statistics.go:30.89,32.31 2 0
github.com/AtoyanMikhail/PRAssignmentService/internal/models/statistics.go:32.31,34.3 1 0
github.com/AtoyanMikhail/PRAssignmentService/internal/models/statistics.go:35.2,35.14 1 0
github.com/AtoyanMikhail/PRAssignmentService/internal/models/statistics.go:48.55,56.2 1 0
github.com/AtoyanMikhail/PRAssignmentService/internal/models/statistics.go:59.65,61.31 2 0
github.com/AtoyanMikhail/PRAssignmentService/internal/models/statistics.go:61.31,63.3 1 0
github.com/AtoyanMikhail/PRAssignmentService/internal/models/statistics.go:64.2,64.14 1 0
github.com/AtoyanMikhail/PRAssignmentService/internal/models/statistics.go:77.61,85.2 1 0
github.com/AtoyanMikhail/PRAssignmentService/internal/models/statistics.go:88.71,90.31 2 0
github.com/AtoyanMikhail/PRAssignmentService/internal/models/statistics.go:90.31,92.3 1 0
github.com/AtoyanMikhail/PRAssignmentService/internal/models/statistics.go:93.2,93.14 1 0
github.com/AtoyanMikhail/PRAssignmentService/internal/models/statistics.go:106.70,114.2 1 0
github.com/AtoyanMikhail/PRAssignmentService/internal/models/statistics.go:117.80,119.31 2 0
github.com/AtoyanMikhail/PRAssignmentService/internal/models/statistics.go:119.31,121.3 1 0
github.com/AtoyanMikhail/PRAssignmentService/internal/models/statistics.go:122.2,122.18 1 0
github.com/AtoyanMikhail/PRAssignmentService/internal/models/team.go:18.35,27.2 1 0
github.com/AtoyanMikhail/PRAssignmentService/internal/models/team.go:30.38,36.2 1 0
github.com/AtoyanMikhail/PRAssignmentService/internal/models/team.go:39.44,41.33 2 0
github.com/AtoyanMikhail/PRAssignmentService/internal/models/team.go:41.33,43.3 1 0
github.com/AtoyanMikhail/PRAssignmentService/internal/models/team.go:44.2,44.14 1 0
github.com/AtoyanMikhail/PRAssignmentService/internal/models/user.go:22.35,38.2 1 0
github.com/AtoyanMikhail/PRAssignmentService/internal/models/user.go:41.38,51.2 1 0
github.com/AtoyanMikhail/PRAssignmentService/internal/models/user.go:54.44,56.33 2 0
github.com/AtoyanMikhail/PRAssignmentService/internal/models/user.go:56.33,58.3 1 0
github.com/AtoyanMikhail/PRAssignmentService/internal/models/user.go:59.2,59.14 1 0
github.com/AtoyanMikhail/PRAssignmentService/internal/models/user.go:75.67,86.2 1 0
github.com/AtoyanMikhail/PRAssignmentService/cmd/api/main.go:16.13,23.16 4 0
github.com/AtoyanMikhail/PRAssignmentService/cmd/api/main.go:23.16,25.3 1 0
github.com/AtoyanMikhail/PRAssignmentService/cmd/api/main.go:26.2,35.16 6 0
github.com/AtoyanMikhail/PRAssignmentService/cmd/api/main.go:35.16,37.3 1 0
github.com/AtoyanMikhail/PRAssignmentService/cmd/api/main.go:40.2,47.16 7 0
github.com/AtoyanMikhail/PRAssignmentService/cmd/api/main.go:47.16,49.3 1 0
github.com/AtoyanMikhail/PRAssignmentService/cmd/api/main.go:50.2,53.39 2 0
github.com/AtoyanMikhail/PRAssignmentService/cmd/api/main.go:53.39,55.3 1 0
github.com/AtoyanMikhail/PRAssignmentService/cmd/api/main.go:56.2,93.33 14 0
github.com/AtoyanMikhail/PRAssignmentService/internal/config/config.go:51.30,83.2 2 0
github.com/AtoyanMikhail/PRAssignmentService/internal/config/config.go:86.39,91.2 1 0
github.com/AtoyanMikhail/PRAssignmentService/internal/config/config.go:94.41,96.2 1 0
github.com/AtoyanMikhail/PRAssignmentService/internal/config/config.go:99.46,101.17 2 0
github.com/AtoyanMikhail/PRAssignmentService/internal/config/config.go:101.17,103.3 1 0
github.com/AtoyanMikhail/PRAssignmentService/internal/config/config.go:104.2,104.14 1 0
github.com/AtoyanMikhail/PRAssignmentService/internal/config/config.go:108.58,110.20 2 0
github.com/AtoyanMikhail/PRAssignmentService/internal/config/config.go:110.20,112.3 1 0
github.com/AtoyanMikhail/PRAssignmentService/internal/config/config.go:113.2,114.16 2 0
github.com/AtoyanMikhail/PRAssignmentService/internal/config/config.go:114.16,116.3 1 0
github.com/AtoyanMikhail/PRAssignmentService/internal/config/config.go:117.2,117.21 1 0
github.com/AtoyanMikhail/PRAssignmentService/internal/config/config.go:121.77,123.20 2 0
github.com/AtoyanMikhail/PRAssignmentService/internal/config/config.go:123.20,125.3 1 0
github.com/AtoyanMikhail/PRAssignmentService/internal/config/config.go:126.2,127.16 2 0
github.com/AtoyanMikhail/PRAssignmentService/internal/config/config.go:127.16,129.3 1 0
github.com/AtoyanMikhail/PRAssignmentService/internal/config/config.go:130.2,130.14 1 0
github.com/AtoyanMikhail/PRAssignmentService/internal/config/config.go:134.55,136.20 2 0
github.com/AtoyanMikhail/PRAssignmentService/internal/config/config.go:136.20,138.3 1 0
github.com/AtoyanMikhail/PRAssignmentService/internal/config/config.go:139.2,140.16 2 0
github.com/AtoyanMikhail/PRAssignmentService/internal/config/config.go:140.16,142.3 1 0
github.com/AtoyanMikhail/PRAssignmentService/internal/config/config.go:143.2,143.14 1 0
github.com/AtoyanMikhail/PRAssignmentService/internal/service/pull_request_service.go:17.86,21.2 1 12
github.com/AtoyanMikhail/PRAssignmentService/internal/service/pull_request_service.go:24.141,27.16 2 2
github.com/AtoyanMikhail/PRAssignmentService/internal/service/pull_request_service.go:27.16,29.3 1 0
github.com/AtoyanMikhail/PRAssignmentService/internal/service/pull_request_service.go:30.2,30.12 1 2
github.com/AtoyanMikhail/PRAssignmentService/internal/service/pull_request_service.go:30.12,32.3 1 1
github.com/AtoyanMikhail/PRAssignmentService/internal/service/pull_request_service.go:35.2,36.16 2 1
github.com/AtoyanMikhail/PRAssignmentService/internal/service/pull_request_service.go:36.16,38.3 1 0
github.com/AtoyanMikhail/PRAssignmentService/internal/service/pull_request_service.go:40.2,40.16 1 1
github.com/AtoyanMikhail/PRAssignmentService/internal/service/pull_request_service.go:44.111,46.16 2 7
github.com/AtoyanMikhail/PRAssignmentService/internal/service/pull_request_service.go:46.16,47.27 1 3
github.com/AtoyanMikhail/PRAssignmentService/internal/service/pull_request_service.go:47.27,49.4 1 3
github.com/AtoyanMikhail/PRAssignmentService/internal/service/pull_request_service.go:50.3,50.35 1 0
github.com/AtoyanMikhail/PRAssignmentService/internal/service/pull_request_service.go:52.2,52.16 1 4
github.com/AtoyanMikhail/PRAssignmentService/internal/service/pull_request_service.go:56.153,59.16 2 3
github.com/AtoyanMikhail/PRAssignmentService/internal/service/pull_request_service.go:59.16,61.3 1 1
github.com/AtoyanMikhail/PRAssignmentService/internal/service/pull_request_service.go:64.2,64.23 1 2
github.com/AtoyanMikhail/PRAssignmentService/internal/service/pull_request_service.go:64.23,66.3 1 1
github.com/AtoyanMikhail/PRAssignmentService/internal/service/pull_request_service.go:69.2,70.16 2 1
github.com/AtoyanMikhail/PRAssignmentService/internal/service/pull_request_service.go:70.16,72.3 1 0
github.com/AtoyanMikhail/PRAssignmentService/internal/service/pull_request_service.go:74.2,74.16 1 1
github.com/AtoyanMikhail/PRAssignmentService/internal/service/pull_request_service.go:78.113,81.16 2 2
github.com/AtoyanMikhail/PRAssignmentService/internal/service/pull_request_service.go:81.16,83.3 1 1
github.com/AtoyanMikhail/PRAssignmentService/internal/service/pull_request_service.go:86.2,87.16 2 1
github.com/AtoyanMikhail/PRAssignmentService/internal/service/pull_request_service.go:87.16,89.3 1 0
github.com/AtoyanMikhail/PRAssignmentService/internal/service/pull_request_service.go:91.2,91.16 1 1
github.com/AtoyanMikhail/PRAssignmentService/internal/service/pull_request_service.go:95.97,97.2 1 1
github.com/AtoyanMikhail/PRAssignmentService/internal/service/pull_request_service.go:100.134,101.23 1 2
github.com/AtoyanMikhail/PRAssignmentService/internal/service/pull_request_service.go:101.23,103.3 1 1
github.com/AtoyanMikhail/PRAssignmentService/internal/service/pull_request_service.go:104.2,104.41 1 1
github.com/AtoyanMikhail/PRAssignmentService/internal/service/reviewer_service.go:28.19,36.2 1 0
github.com/AtoyanMikhail/PRAssignmentService/internal/service/reviewer_service.go:39.124,42.16 2 0
github.com/AtoyanMikhail/PRAssignmentService/internal/service/reviewer_service.go:42.16,43.27 1 0
github.com/AtoyanMikhail/PRAssignmentService/internal/service/reviewer_service.go:43.27,45.4 1 0
github.com/AtoyanMikhail/PRAssignmentService/internal/service/reviewer_service.go:46.3,46.34 1 0
github.com/AtoyanMikhail/PRAssignmentService/internal/service/reviewer_service.go:50.2,50.47 1 0
github.com/AtoyanMikhail/PRAssignmentService/internal/service/reviewer_service.go:50.47,52.3 1 0
github.com/AtoyanMikhail/PRAssignmentService/internal/service/reviewer_service.go:55.2,56.16 2 0
github.com/AtoyanMikhail/PRAssignmentService/internal/service/reviewer_service.go:56.16,57.27 1 0
github.com/AtoyanMikhail/PRAssignmentService/internal/service/reviewer_service.go:57.27,59.4 1 0
github.com/AtoyanMikhail/PRAssignmentService/internal/service/reviewer_service.go:60.3,60.34 1 0
github.com/AtoyanMikhail/PRAssignmentService/internal/service/reviewer_service.go:64.2,64.20 1 0
github.com/AtoyanMikhail/PRAssignmentService/internal/service/reviewer_service.go:64.20,66.3 1 0
github.com/AtoyanMikhail/PRAssignmentService/internal/service/reviewer_service.go:69.2,69.27 1 0
github.com/AtoyanMikhail/PRAssignmentService/internal/service/reviewer_service.go:69.27,71.3 1 0
github.com/AtoyanMikhail/PRAssignmentService/internal/service/reviewer_service.go:74.2,75.16 2 0
github.com/AtoyanMikhail/PRAssignmentService/internal/service/reviewer_service.go:75.16,77.3 1 0
github.com/AtoyanMikhail/PRAssignmentService/internal/service/reviewer_service.go:78.2,78.16 1 0
github.com/AtoyanMikhail/PRAssignmentService/internal/service/reviewer_service.go:78.16,80.3 1 0
github.com/AtoyanMikhail/PRAssignmentService/internal/service/reviewer_service.go:83.2,84.16 2 0
github.com/AtoyanMikhail/PRAssignmentService/internal/service/reviewer_service.go:84.16,86.3 1 0
github.com/AtoyanMikhail/PRAssignmentService/internal/service/reviewer_service.go:88.2,88.22 1 0
github.com/AtoyanMikhail/PRAssignmentService/internal/service/reviewer_service.go:92.137,96.79 2 0
github.com/AtoyanMikhail/PRAssignmentService/internal/service/reviewer_service.go:96.79,97.34 1 0
github.com/AtoyanMikhail/PRAssignmentService/internal/service/reviewer_service.go:97.34,108.18 3 0
github.com/AtoyanMikhail/PRAssignmentService/internal/service/reviewer_service.go:108.18,110.5 1 0
github.com/AtoyanMikhail/PRAssignmentService/internal/service/reviewer_service.go:111.4,111.43 1 0
github.com/AtoyanMikhail/PRAssignmentService/internal/service/reviewer_service.go:113.3,113.13 1 0
github.com/AtoyanMikhail/PRAssignmentService/internal/service/reviewer_service.go:116.2,116.16 1 0
github.com/AtoyanMikhail/PRAssignmentService/internal/service/reviewer_service.go:116.16,118.3 1 0
github.com/AtoyanMikhail/PRAssignmentService/internal/service/reviewer_service.go:120.2,120.23 1 0
github.com/AtoyanMikhail/PRAssignmentService/internal/service/reviewer_service.go:124.103,127.16 2 0
github.com/AtoyanMikhail/PRAssignmentService/internal/service/reviewer_service.go:127.16,128.27 1 0
github.com/AtoyanMikhail/PRAssignmentService/internal/service/reviewer_service.go:128.27,130.4 1 0
github.com/AtoyanMikhail/PRAssignmentService/internal/service/reviewer_service.go:131.3,131.13 1 0
github.com/AtoyanMikhail/PRAssignmentService/internal/service/reviewer_service.go:135.2,136.16 2 0
github.com/AtoyanMikhail/PRAssignmentService/internal/service/reviewer_service.go:136.16,138.3 1 0
github.com/AtoyanMikhail/PRAssignmentService/internal/service/reviewer_service.go:139.2,139.17 1 0
github.com/AtoyanMikhail/PRAssignmentService/internal/service/reviewer_service.go:139.17,141.3 1 0
github.com/AtoyanMikhail/PRAssignmentService/internal/service/reviewer_service.go:144.2,144.58 1 0
github.com/AtoyanMikhail/PRAssignmentService/internal/service/reviewer_service.go:148.118,150.79 1 0
github.com/AtoyanMikhail/PRAssignmentService/internal/service/reviewer_service.go:150.79,153.17 2 0
github.com/AtoyanMikhail/PRAssignmentService/internal/service/reviewer_service.go:153.17,154.28 1 0
github.com/AtoyanMikhail/PRAssignmentService/internal/service/reviewer_service.go:154.28,156.5 1 0
github.com/AtoyanMikhail/PRAssignmentService/internal/service/reviewer_service.go:157.4,157.14 1 0
github.com/AtoyanMikhail/PRAssignmentService/internal/service/reviewer_service.go:161.3,161.48 1 0
github.com/AtoyanMikhail/PRAssignmentService/internal/service/reviewer_service.go:161.48,163.4 1 0
github.com/AtoyanMikhail/PRAssignmentService/internal/service/reviewer_service.go:166.3,167.17 2 0
github.com/AtoyanMikhail/PRAssignmentService/internal/service/reviewer_service.go:167.17,169.4 1 0
github.com/AtoyanMikhail/PRAssignmentService/internal/service/reviewer_service.go:170.3,170.18 1 0
github.com/AtoyanMikhail/PRAssignmentService/internal/service/reviewer_service.go:170.18,172.4 1 0
github.com/AtoyanMikhail/PRAssignmentService/internal/service/reviewer_service.go:175.3,176.17 2 0
github.com/AtoyanMikhail/PRAssignmentService/internal/service/reviewer_service.go:176.17,177.28 1 0
github.com/AtoyanMikhail/PRAssignmentService/internal/service/reviewer_service.go:177.28,179.5 1 0
github.com/AtoyanMikhail/PRAssignmentService/internal/service/reviewer_service.go:180.4,180.14 1 0
github.com/AtoyanMikhail/PRAssignmentService/internal/service/reviewer_service.go:184.3,184.24 1 0
github.com/AtoyanMikhail/PRAssignmentService/internal/service/reviewer_service.go:184.24,186.4 1 0
github.com/AtoyanMikhail/PRAssignmentService/internal/service/reviewer_service.go:189.3,189.31 1 0
github.com/AtoyanMikhail/PRAssignmentService/internal/service/reviewer_service.go:189.31,191.4 1 0
github.com/AtoyanMikhail/PRAssignmentService/internal/service/reviewer_service.go:194.3,195.17 2 0
github.com/AtoyanMikhail/PRAssignmentService/internal/service/reviewer_service.go:195.17,197.4 1 0
github.com/AtoyanMikhail/PRAssignmentService/internal/service/reviewer_service.go:198.3,198.20 1 0
github.com/AtoyanMikhail/PRAssignmentService/internal/service/reviewer_service.go:198.20,200.4 1 0
github.com/AtoyanMikhail/PRAssignmentService/internal/service/reviewer_service.go:203.3,203.66 1 0
github.com/AtoyanMikhail/PRAssignmentService/internal/service/reviewer_service.go:208.120,211.16 2 0
github.com/AtoyanMikhail/PRAssignmentService/internal/service/reviewer_service.go:211.16,212.27 1 0
github.com/AtoyanMikhail/PRAssignmentService/internal/service/reviewer_service.go:212.27,214.4 1 0
github.com/AtoyanMikhail/PRAssignmentService/internal/service/reviewer_service.go:215.3,215.18 1 0
github.com/AtoyanMikhail/PRAssignmentService/internal/service/reviewer_service.go:218.2,219.16 2 0
github.com/AtoyanMikhail/PRAssignmentService/internal/service/reviewer_service.go:219.16,221.3 1 0
github.com/AtoyanMikhail/PRAssignmentService/internal/service/reviewer_service.go:223.2,223.23 1 0
github.com/AtoyanMikhail/PRAssignmentService/internal/service/reviewer_service.go:227.113,230.16 2 0
github.com/AtoyanMikhail/PRAssignmentService/internal/service/reviewer_service.go:230.16,231.27 1 0
github.com/AtoyanMikhail/PRAssignmentService/internal/service/reviewer_service.go:231.27,233.4 1 0
github.com/AtoyanMikhail/PRAssignmentService/internal/service/reviewer_service.go:234.3,234.18 1 0
github.com/AtoyanMikhail/PRAssignmentService/internal/service/reviewer_service.go:237.2,238.16 2 0
github.com/AtoyanMikhail/PRAssignmentService/internal/service/reviewer_service.go:238.16,240.3 1 0
github.com/AtoyanMikhail/PRAssignmentService/internal/service/reviewer_service.go:242.2,242.17 1 0
github.com/AtoyanMikhail/PRAssignmentService/internal/service/reviewer_service.go:246.134,249.16 2 0
github.com/AtoyanMikhail/PRAssignmentService/internal/service/reviewer_service.go:249.16,250.27 1 0
github.com/AtoyanMikhail/PRAssignmentService/internal/service/reviewer_service.go:250.27,252.4 1 0
github.com/AtoyanMikhail/PRAssignmentService/internal/service/reviewer_service.go:253.3,253.18 1 0
github.com/AtoyanMikhail/PRAssignmentService/internal/service/reviewer_service.go:257.2,258.16 2 0
github.com/AtoyanMikhail/PRAssignmentService/internal/service/reviewer_service.go:258.16,259.27 1 0
github.com/AtoyanMikhail/PRAssignmentService/internal/service/reviewer_service.go:259.27,261.4 1 0
github.com/AtoyanMikhail/PRAssignmentService/internal/service/reviewer_service.go:262.3,262.18 1 0
github.com/AtoyanMikhail/PRAssignmentService/internal/service/reviewer_service.go:266.2,267.16 2 0
github.com/AtoyanMikhail/PRAssignmentService/internal/service/reviewer_service.go:267.16,269.3 1 0
github.com/AtoyanMikhail/PRAssignmentService/internal/service/reviewer_service.go:272.2,273.30 2 0
github.com/AtoyanMikhail/PRAssignmentService/internal/service/reviewer_service.go:273.30,275.3 1 0
github.com/AtoyanMikhail/PRAssignmentService/internal/service/reviewer_service.go:278.2,279.16 2 0
github.com/AtoyanMikhail/PRAssignmentService/internal/service/reviewer_service.go:279.16,281.3 1 0
github.com/AtoyanMikhail/PRAssignmentService/internal/service/reviewer_service.go:283.2,283.27 1 0
github.com/AtoyanMikhail/PRAssignmentService/internal/service/reviewer_service.go:283.27,285.3 1 0
github.com/AtoyanMikhail/PRAssignmentService/internal/service/reviewer_service.go:288.2,292.78 3 0
github.com/AtoyanMikhail/PRAssignmentService/internal/service/reviewer_service.go:292.78,293.38 1 0
github.com/AtoyanMikhail/PRAssignmentService/internal/service/reviewer_service.go:293.38,295.18 2 0
github.com/AtoyanMikhail/PRAssignmentService/internal/service/reviewer_service.go:295.18,297.5 1 0
github.com/AtoyanMikhail/PRAssignmentService/internal/service/reviewer_service.go:298.4,298.43 1 0
github.com/AtoyanMikhail/PRAssignmentService/internal/service/reviewer_service.go:300.3,300.13 1 0
github.com/AtoyanMikhail/PRAssignmentService/internal/service/reviewer_service.go:303.2,303.16 1 0
github.com/AtoyanMikhail/PRAssignmentService/internal/service/reviewer_service.go:303.16,305.3 1 0
github.com/AtoyanMikhail/PRAssignmentService/internal/service/reviewer_service.go:307.2,307.23 1 0
github.com/AtoyanMikhail/PRAssignmentService/internal/service/reviewer_service.go:311.88,312.79 1 0
github.com/AtoyanMikhail/PRAssignmentService/internal/service/reviewer_service.go:312.79,315.17 2 0
github.com/AtoyanMikhail/PRAssignmentService/internal/service/reviewer_service.go:315.17,317.4 1 0
github.com/AtoyanMikhail/PRAssignmentService/internal/service/reviewer_service.go:319.3,319.30 1 0
github.com/AtoyanMikhail/PRAssignmentService/internal/service/reviewer_service.go:319.30,321.4 1 0
github.com/AtoyanMikhail/PRAssignmentService/internal/service/reviewer_service.go:324.3,325.38 2 0
github.com/AtoyanMikhail/PRAssignmentService/internal/service/reviewer_service.go:325.38,327.4 1 0
github.com/AtoyanMikhail/PRAssignmentService/internal/service/reviewer_service.go:330.3,331.17 2 0
github.com/AtoyanMikhail/PRAssignmentService/internal/service/reviewer_service.go:331.17,333.4 1 0
github.com/AtoyanMikhail/PRAssignmentService/internal/service/reviewer_service.go:335.3,336.31 2 0
github.com/AtoyanMikhail/PRAssignmentService/internal/service/reviewer_service.go:336.31,338.4 1 0
github.com/AtoyanMikhail/PRAssignmentService/internal/service/reviewer_service.go:341.3,341.45 1 0
github.com/AtoyanMikhail/PRAssignmentService/internal/service/reviewer_service.go:341.45,347.18 3 0
github.com/AtoyanMikhail/PRAssignmentService/internal/service/reviewer_service.go:347.18,349.5 1 0
github.com/AtoyanMikhail/PRAssignmentService/internal/service/reviewer_service.go:351.4,351.29 1 0
github.com/AtoyanMikhail/PRAssignmentService/internal/service/reviewer_service.go:351.29,354.36 2 0
github.com/AtoyanMikhail/PRAssignmentService/internal/service/reviewer_service.go:354.36,356.6 1 0
github.com/AtoyanMikhail/PRAssignmentService/internal/service/reviewer_service.go:357.5,357.86 1 0
github.com/AtoyanMikhail/PRAssignmentService/internal/service/reviewer_service.go:357.86,359.6 1 0
github.com/AtoyanMikhail/PRAssignmentService/internal/service/reviewer_service.go:360.5,360.13 1 0
github.com/AtoyanMikhail/PRAssignmentService/internal/service/reviewer_service.go:364.4,364.39 1 0
github.com/AtoyanMikhail/PRAssignmentService/internal/service/reviewer_service.go:364.39,367.27 2 0
github.com/AtoyanMikhail/PRAssignmentService/internal/service/reviewer_service.go:367.27,369.103 1 0
github.com/AtoyanMikhail/PRAssignmentService/internal/service/reviewer_service.go:369.103,371.7 1 0
github.com/AtoyanMikhail/PRAssignmentService/internal/service/reviewer_service.go:373.6,373.39 1 0
github.com/AtoyanMikhail/PRAssignmentService/internal/service/reviewer_service.go:374.11,376.82 1 0
github.com/AtoyanMikhail/PRAssignmentService/internal/service/reviewer_service.go:376.82,378.7 1 0
github.com/AtoyanMikhail/PRAssignmentService/internal/service/reviewer_service.go:383.3,383.13 1 0
github.com/AtoyanMikhail/PRAssignmentService/internal/service/reviewer_service.go:388.109,389.24 1 0
github.com/AtoyanMikhail/PRAssignmentService/internal/service/reviewer_service.go:389.24,391.3 1 0
github.com/AtoyanMikhail/PRAssignmentService/internal/service/reviewer_service.go:394.2,398.42 3 0
github.com/AtoyanMikhail/PRAssignmentService/internal/service/reviewer_service.go:398.42,399.45 1 0
github.com/AtoyanMikhail/PRAssignmentService/internal/service/reviewer_service.go:399.45,402.33 3 0
github.com/AtoyanMikhail/PRAssignmentService/internal/service/reviewer_service.go:402.33,404.5 1 0
github.com/AtoyanMikhail/PRAssignmentService/internal/service/reviewer_service.go:408.2,408.28 1 0
github.com/AtoyanMikhail/PRAssignmentService/internal/service/reviewer_service.go:413.116,417.23 3 0
github.com/AtoyanMikhail/PRAssignmentService/internal/service/reviewer_service.go:417.23,419.50 2 0
github.com/AtoyanMikhail/PRAssignmentService/internal/service/reviewer_service.go:419.50,422.4 2 0
github.com/AtoyanMikhail/PRAssignmentService/internal/service/reviewer_service.go:425.2,425.16 1 0
github.com/AtoyanMikhail/PRAssignmentService/internal/service/services.go:15.53,23.2 1 0
github.com/AtoyanMikhail/PRAssignmentService/internal/service/statistics_service.go:16.83,20.2 1 0
github.com/AtoyanMikhail/PRAssignmentService/internal/service/statistics_service.go:23.107,25.2 1 0
github.com/AtoyanMikhail/PRAssignmentService/internal/service/statistics_service.go:28.91,30.2 1 0
github.com/AtoyanMikhail/PRAssignmentService/internal/service/statistics_service.go:33.95,35.2 1 0
github.com/AtoyanMikhail/PRAssignmentService/internal/service/statistics_service.go:38.101,40.2 1 0
github.com/AtoyanMikhail/PRAssignmentService/internal/service/team_service.go:17.65,21.2 1 12
github.com/AtoyanMikhail/PRAssignmentService/internal/service/team_service.go:24.97,27.16 2 4
github.com/AtoyanMikhail/PRAssignmentService/internal/service/team_service.go:27.16,29.3 1 1
github.com/AtoyanMikhail/PRAssignmentService/internal/service/team_service.go:30.2,30.12 1 3
github.com/AtoyanMikhail/PRAssignmentService/internal/service/team_service.go:30.12,32.3 1 1
github.com/AtoyanMikhail/PRAssignmentService/internal/service/team_service.go:35.2,36.16 2 2
github.com/AtoyanMikhail/PRAssignmentService/internal/service/team_service.go:36.16,38.3 1 1
github.com/AtoyanMikhail/PRAssignmentService/internal/service/team_service.go:40.2,40.18 1 1
github.com/AtoyanMikhail/PRAssignmentService/internal/service/team_service.go:44.94,46.16 2 3
github.com/AtoyanMikhail/PRAssignmentService/internal/service/team_service.go:46.16,47.27 1 2
github.com/AtoyanMikhail/PRAssignmentService/internal/service/team_service.go:47.27,49.4 1 1
github.com/AtoyanMikhail/PRAssignmentService/internal/service/team_service.go:50.3,50.28 1 1
github.com/AtoyanMikhail/PRAssignmentService/internal/service/team_service.go:52.2,52.18 1 1
github.com/AtoyanMikhail/PRAssignmentService/internal/service/team_service.go:56.91,58.16 2 2
github.com/AtoyanMikhail/PRAssignmentService/internal/service/team_service.go:58.16,59.27 1 1
github.com/AtoyanMikhail/PRAssignmentService/internal/service/team_service.go:59.27,61.4 1 1
github.com/AtoyanMikhail/PRAssignmentService/internal/service/team_service.go:62.3,62.28 1 0
github.com/AtoyanMikhail/PRAssignmentService/internal/service/team_service.go:64.2,64.18 1 1
github.com/AtoyanMikhail/PRAssignmentService/internal/service/team_service.go:68.81,70.16 2 3
github.com/AtoyanMikhail/PRAssignmentService/internal/service/team_service.go:70.16,72.3 1 1
github.com/AtoyanMikhail/PRAssignmentService/internal/service/team_service.go:73.2,73.19 1 2
github.com/AtoyanMikhail/PRAssignmentService/internal/service/user_service.go:26.15,33.2 1 0
github.com/AtoyanMikhail/PRAssignmentService/internal/service/user_service.go:36.119,39.16 2 0
github.com/AtoyanMikhail/PRAssignmentService/internal/service/user_service.go:39.16,41.3 1 0
github.com/AtoyanMikhail/PRAssignmentService/internal/service/user_service.go:42.2,42.12 1 0
github.com/AtoyanMikhail/PRAssignmentService/internal/service/user_service.go:42.12,44.3 1 0
github.com/AtoyanMikhail/PRAssignmentService/internal/service/user_service.go:47.2,48.16 2 0
github.com/AtoyanMikhail/PRAssignmentService/internal/service/user_service.go:48.16,49.27 1 0
github.com/AtoyanMikhail/PRAssignmentService/internal/service/user_service.go:49.27,51.4 1 0
github.com/AtoyanMikhail/PRAssignmentService/internal/service/user_service.go:52.3,52.28 1 0
github.com/AtoyanMikhail/PRAssignmentService/internal/service/user_service.go:56.2,57.16 2 0
github.com/AtoyanMikhail/PRAssignmentService/internal/service/user_service.go:57.16,59.3 1 0
github.com/AtoyanMikhail/PRAssignmentService/internal/service/user_service.go:61.2,61.18 1 0
github.com/AtoyanMikhail/PRAssignmentService/internal/service/user_service.go:65.92,67.16 2 0
github.com/AtoyanMikhail/PRAssignmentService/internal/service/user_service.go:67.16,68.27 1 0
github.com/AtoyanMikhail/PRAssignmentService/internal/service/user_service.go:68.27,70.4 1 0
github.com/AtoyanMikhail/PRAssignmentService/internal/service/user_service.go:71.3,71.28 1 0
github.com/AtoyanMikhail/PRAssignmentService/internal/service/user_service.go:73.2,73.18 1 0
github.com/AtoyanMikhail/PRAssignmentService/internal/service/user_service.go:77.108,79.16 2 0
github.com/AtoyanMikhail/PRAssignmentService/internal/service/user_service.go:79.16,80.27 1 0
github.com/AtoyanMikhail/PRAssignmentService/internal/service/user_service.go:80.27,82.4 1 0
github.com/AtoyanMikhail/PRAssignmentService/internal/service/user_service.go:83.3,83.36 1 0
github.com/AtoyanMikhail/PRAssignmentService/internal/service/user_service.go:85.2,85.18 1 0
github.com/AtoyanMikhail/PRAssignmentService/internal/service/user_service.go:89.134,92.16 2 0
github.com/AtoyanMikhail/PRAssignmentService/internal/service/user_service.go:92.16,94.3 1 0
github.com/AtoyanMikhail/PRAssignmentService/internal/service/user_service.go:97.2,98.16 2 0
github.com/AtoyanMikhail/PRAssignmentService/internal/service/user_service.go:98.16,99.27 1 0
github.com/AtoyanMikhail/PRAssignmentService/internal/service/user_service.go:99.27,101.4 1 0
github.com/AtoyanMikhail/PRAssignmentService/internal/service/user_service.go:102.3,102.28 1 0
github.com/AtoyanMikhail/PRAssignmentService/internal/service/user_service.go:106.2,107.16 2 0
github.com/AtoyanMikhail/PRAssignmentService/internal/service/user_service.go:107.16,109.3 1 0
github.com/AtoyanMikhail/PRAssignmentService/internal/service/user_service.go:111.2,111.18 1 0
github.com/AtoyanMikhail/PRAssignmentService/internal/service/user_service.go:115.99,118.16 2 0
github.com/AtoyanMikhail/PRAssignmentService/internal/service/user_service.go:118.16,120.3 1 0
github.com/AtoyanMikhail/PRAssignmentService/internal/service/user_service.go:123.2,124.16 2 0
github.com/AtoyanMikhail/PRAssignmentService/internal/service/user_service.go:124.16,126.3 1 0
github.com/AtoyanMikhail/PRAssignmentService/internal/service/user_service.go:128.2,128.18 1 0
github.com/AtoyanMikhail/PRAssignmentService/internal/service/user_service.go:132.97,135.16 2 0
github.com/AtoyanMikhail/PRAssignmentService/internal/service/user_service.go:135.16,137.3 1 0
github.com/AtoyanMikhail/PRAssignmentService/internal/service/user_service.go:140.2,141.16 2 0
github.com/AtoyanMikhail/PRAssignmentService/internal/service/user_service.go:141.16,143.3 1 0
github.com/AtoyanMikhail/PRAssignmentService/internal/service/user_service.go:145.2,145.18 1 0
github.com/AtoyanMikhail/PRAssignmentService/internal/service/user_service.go:149.99,152.16 2 0
github.com/AtoyanMikhail/PRAssignmentService/internal/service/user_service.go:152.16,153.27 1 0
github.com/AtoyanMikhail/PRAssignmentService/internal/service/user_service.go:153.27,155.4 1 0
github.com/AtoyanMikhail/PRAssignmentService/internal/service/user_service.go:156.3,156.18 1 0
github.com/AtoyanMikhail/PRAssignmentService/internal/service/user_service.go:159.2,160.16 2 0
github.com/AtoyanMikhail/PRAssignmentService/internal/service/user_service.go:160.16,162.3 1 0
github.com/AtoyanMikhail/PRAssignmentService/internal/service/user_service.go:164.2,164.19 1 0
github.com/AtoyanMikhail/PRAssignmentService/internal/service/user_service.go:168.105,171.16 2 0
github.com/AtoyanMikhail/PRAssignmentService/internal/service/user_service.go:171.16,172.27 1 0
github.com/AtoyanMikhail/PRAssignmentService/internal/service/user_service.go:172.27,174.4 1 0
github.com/AtoyanMikhail/PRAssignmentService/internal/service/user_service.go:175.3,175.18 1 0
github.com/AtoyanMikhail/PRAssignmentService/internal/service/user_service.go:178.2,179.16 2 0
github.com/AtoyanMikhail/PRAssignmentService/internal/service/user_service.go:179.16,181.3 1 0
github.com/AtoyanMikhail/PRAssignmentService/internal/service/user_service.go:183.2,183.19 1 0
github.com/AtoyanMikhail/PRAssignmentService/internal/service/user_service.go:187.88,190.16 2 0
github.com/AtoyanMikhail/PRAssignmentService/internal/service/user_service.go:190.16,191.27 1 0
github.com/AtoyanMikhail/PRAssignmentService/internal/service/user_service.go:191.27,193.4 1 0
github.com/AtoyanMikhail/PRAssignmentService/internal/service/user_service.go:194.3,194.13 1 0
github.com/AtoyanMikhail/PRAssignmentService/internal/service/user_service.go:198.2,198.79 1 0
github.com/AtoyanMikhail/PRAssignmentService/internal/service/user_service.go:198.79,201.17 2 0
github.com/AtoyanMikhail/PRAssignmentService/internal/service/user_service.go:201.17,203.4 1 0
github.com/AtoyanMikhail/PRAssignmentService/internal/service/user_service.go:205.3,205.33 1 0
github.com/AtoyanMikhail/PRAssignmentService/internal/service/user_service.go:205.33,207.4 1 0
github.com/AtoyanMikhail/PRAssignmentService/internal/service/user_service.go:210.3,211.17 2 0
github.com/AtoyanMikhail/PRAssignmentService/internal/service/user_service.go:211.17,213.4 1 0
github.com/AtoyanMikhail/PRAssignmentService/internal/service/user_service.go:216.3,217.46 2 0
github.com/AtoyanMikhail/PRAssignmentService/internal/service/user_service.go:217.46,219.4 1 0
github.com/AtoyanMikhail/PRAssignmentService/internal/service/user_service.go:222.3,222.56 1 0
github.com/AtoyanMikhail/PRAssignmentService/internal/service/user_service.go:222.56,224.18 2 0
github.com/AtoyanMikhail/PRAssignmentService/internal/service/user_service.go:224.18,226.5 1 0
github.com/AtoyanMikhail/PRAssignmentService/internal/service/user_service.go:230.3,231.17 2 0
github.com/AtoyanMikhail/PRAssignmentService/internal/service/user_service.go:231.17,233.4 1 0
github.com/AtoyanMikhail/PRAssignmentService/internal/service/user_service.go:235.3,236.31 2 0
github.com/AtoyanMikhail/PRAssignmentService/internal/service/user_service.go:236.31,238.4 1 0
github.com/AtoyanMikhail/PRAssignmentService/internal/service/user_service.go:241.3,241.39 1 0
github.com/AtoyanMikhail/PRAssignmentService/internal/service/user_service.go:241.39,244.18 2 0
github.com/AtoyanMikhail/PRAssignmentService/internal/service/user_service.go:244.18,246.5 1 0
github.com/AtoyanMikhail/PRAssignmentService/internal/service/user_service.go:249.4,249.24 1 0
github.com/AtoyanMikhail/PRAssignmentService/internal/service/user_service.go:249.24,254.19 3 0
github.com/AtoyanMikhail/PRAssignmentService/internal/service/user_service.go:254.19,256.6 1 0
github.com/AtoyanMikhail/PRAssignmentService/internal/service/user_service.go:259.5,260.19 2 0
github.com/AtoyanMikhail/PRAssignmentService/internal/service/user_service.go:260.19,262.6 1 0
github.com/AtoyanMikhail/PRAssignmentService/internal/service/user_service.go:265.5,266.19 2 0
github.com/AtoyanMikhail/PRAssignmentService/internal/service/user_service.go:266.19,268.6 1 0
github.com/AtoyanMikhail/PRAssignmentService/internal/service/user_service.go:270.5,270.30 1 0
github.com/AtoyanMikhail/PRAssignmentService/internal/service/user_service.go:270.30,271.14 1 0
github.com/AtoyanMikhail/PRAssignmentService/internal/service/user_service.go:275.5,276.19 2 0
github.com/AtoyanMikhail/PRAssignmentService/internal/service/user_service.go:276.19,278.6 1 0
github.com/AtoyanMikhail/PRAssignmentService/internal/service/user_service.go:280.5,281.41 2 0
github.com/AtoyanMikhail/PRAssignmentService/internal/service/user_service.go:281.41,283.6 1 0
github.com/AtoyanMikhail/PRAssignmentService/internal/service/user_service.go:286.5,287.38 2 0
github.com/AtoyanMikhail/PRAssignmentService/internal/service/user_service.go:287.38,288.35 1 0
github.com/AtoyanMikhail/PRAssignmentService/internal/service/user_service.go:288.35,290.7 1 0
github.com/AtoyanMikhail/PRAssignmentService/internal/service/user_service.go:294.5,297.40 2 0
github.com/AtoyanMikhail/PRAssignmentService/internal/service/user_service.go:297.40,299.20 2 0
github.com/AtoyanMikhail/PRAssignmentService/internal/service/user_service.go:299.20,301.7 1 0
github.com/AtoyanMikhail/PRAssignmentService/internal/service/user_service.go:306.3,306.13 1 0
